[0.011s] Invoking command in '/home/muddassir/ros2_ws/src/climberr/climberr_description/build/climberr_description': CMAKE_PREFIX_PATH=${CMAKE_PREFIX_PATH}:/opt/ros/jazzy DEBUGINFOD_URLS=https://debuginfod.ubuntu.com /usr/bin/cmake /home/muddassir/ros2_ws/src/climberr/climberr_description -DCMAKE_INSTALL_PREFIX=/home/muddassir/ros2_ws/src/climberr/climberr_description/install/climberr_description
[0.074s] -- The C compiler identification is GNU 13.3.0
[0.141s] -- The CXX compiler identification is GNU 13.3.0
[0.159s] -- Detecting C compiler ABI info
[0.267s] -- Detecting C compiler ABI info - done
[0.278s] -- Check for working C compiler: /usr/bin/cc - skipped
[0.279s] -- Detecting C compile features
[0.279s] -- Detecting C compile features - done
[0.292s] -- Detecting CXX compiler ABI info
[0.412s] -- Detecting CXX compiler ABI info - done
[0.424s] -- Check for working CXX compiler: /usr/bin/c++ - skipped
[0.425s] -- Detecting CXX compile features
[0.426s] -- Detecting CXX compile features - done
[0.432s] -- Found ament_cmake: 2.5.4 (/opt/ros/jazzy/share/ament_cmake/cmake)
[0.631s] -- Found Python3: /usr/bin/python3 (found version "3.12.3") found components: Interpreter 
[0.773s] -- Found urdf_tutorial: 1.1.0 (/opt/ros/jazzy/share/urdf_tutorial/cmake)
[0.777s] -- Found ament_lint_auto: 0.17.2 (/opt/ros/jazzy/share/ament_lint_auto/cmake)
[0.918s] -- Added test 'cppcheck' to perform static code analysis on C / C++ code
[0.918s] -- Configured cppcheck include dirs: 
[0.918s] -- Configured cppcheck exclude dirs and/or files: 
[0.921s] -- Added test 'lint_cmake' to check CMake code style
[0.930s] -- Added test 'uncrustify' to check C / C++ code style
[0.930s] -- Configured uncrustify additional arguments: 
[0.932s] -- Added test 'xmllint' to check XML markup files
[0.935s] -- Configuring done (0.9s)
[0.940s] -- Generating done (0.0s)
[0.943s] -- Build files have been written to: /home/muddassir/ros2_ws/src/climberr/climberr_description/build/climberr_description
[0.951s] Invoked command in '/home/muddassir/ros2_ws/src/climberr/climberr_description/build/climberr_description' returned '0': CMAKE_PREFIX_PATH=${CMAKE_PREFIX_PATH}:/opt/ros/jazzy DEBUGINFOD_URLS=https://debuginfod.ubuntu.com /usr/bin/cmake /home/muddassir/ros2_ws/src/climberr/climberr_description -DCMAKE_INSTALL_PREFIX=/home/muddassir/ros2_ws/src/climberr/climberr_description/install/climberr_description
[0.952s] Invoking command in '/home/muddassir/ros2_ws/src/climberr/climberr_description/build/climberr_description': CMAKE_PREFIX_PATH=${CMAKE_PREFIX_PATH}:/opt/ros/jazzy DEBUGINFOD_URLS=https://debuginfod.ubuntu.com /usr/bin/cmake --build /home/muddassir/ros2_ws/src/climberr/climberr_description/build/climberr_description -- -j8 -l8
[1.002s] Invoked command in '/home/muddassir/ros2_ws/src/climberr/climberr_description/build/climberr_description' returned '0': CMAKE_PREFIX_PATH=${CMAKE_PREFIX_PATH}:/opt/ros/jazzy DEBUGINFOD_URLS=https://debuginfod.ubuntu.com /usr/bin/cmake --build /home/muddassir/ros2_ws/src/climberr/climberr_description/build/climberr_description -- -j8 -l8
[1.015s] Invoking command in '/home/muddassir/ros2_ws/src/climberr/climberr_description/build/climberr_description': CMAKE_PREFIX_PATH=${CMAKE_PREFIX_PATH}:/opt/ros/jazzy DEBUGINFOD_URLS=https://debuginfod.ubuntu.com /usr/bin/cmake --install /home/muddassir/ros2_ws/src/climberr/climberr_description/build/climberr_description
[1.026s] -- Install configuration: ""
[1.026s] -- Installing: /home/muddassir/ros2_ws/src/climberr/climberr_description/install/climberr_description/share/climberr_description/meshes
[1.026s] -- Installing: /home/muddassir/ros2_ws/src/climberr/climberr_description/install/climberr_description/share/climberr_description/meshes/robot_3d
[1.026s] -- Installing: /home/muddassir/ros2_ws/src/climberr/climberr_description/install/climberr_description/share/climberr_description/meshes/robot_3d/visual
[1.026s] -- Installing: /home/muddassir/ros2_ws/src/climberr/climberr_description/install/climberr_description/share/climberr_description/urdf
[1.027s] -- Installing: /home/muddassir/ros2_ws/src/climberr/climberr_description/install/climberr_description/share/climberr_description/urdf/robots
[1.027s] -- Installing: /home/muddassir/ros2_ws/src/climberr/climberr_description/install/climberr_description/share/climberr_description/urdf/robots/robot_3d.urdf.xacro
[1.027s] -- Installing: /home/muddassir/ros2_ws/src/climberr/climberr_description/install/climberr_description/share/climberr_description/urdf/mech
[1.027s] -- Installing: /home/muddassir/ros2_ws/src/climberr/climberr_description/install/climberr_description/share/climberr_description/urdf/mech/wheel.urdf.xacro
[1.059s] -- Installing: /home/muddassir/ros2_ws/src/climberr/climberr_description/install/climberr_description/share/climberr_description/urdf/mech/robot_3d_base.urdf.xacro
[1.069s] -- Installing: /home/muddassir/ros2_ws/src/climberr/climberr_description/install/climberr_description/share/climberr_description/urdf/control
[1.069s] -- Installing: /home/muddassir/ros2_ws/src/climberr/climberr_description/install/climberr_description/share/climberr_description/urdf/sensors
[1.069s] -- Installing: /home/muddassir/ros2_ws/src/climberr/climberr_description/install/climberr_description/share/climberr_description/urdf/sensors/lidar.urdf.xacro
[1.069s] -- Installing: /home/muddassir/ros2_ws/src/climberr/climberr_description/install/climberr_description/share/climberr_description/urdf/sensors/rgbd_camera.urdf.xacro
[1.088s] -- Installing: /home/muddassir/ros2_ws/src/climberr/climberr_description/install/climberr_description/share/ament_index/resource_index/package_run_dependencies/climberr_description
[1.089s] -- Installing: /home/muddassir/ros2_ws/src/climberr/climberr_description/install/climberr_description/share/ament_index/resource_index/parent_prefix_path/climberr_description
[1.089s] -- Installing: /home/muddassir/ros2_ws/src/climberr/climberr_description/install/climberr_description/share/climberr_description/environment/ament_prefix_path.sh
[1.089s] -- Installing: /home/muddassir/ros2_ws/src/climberr/climberr_description/install/climberr_description/share/climberr_description/environment/ament_prefix_path.dsv
[1.090s] -- Installing: /home/muddassir/ros2_ws/src/climberr/climberr_description/install/climberr_description/share/climberr_description/environment/path.sh
[1.090s] -- Installing: /home/muddassir/ros2_ws/src/climberr/climberr_description/install/climberr_description/share/climberr_description/environment/path.dsv
[1.090s] -- Installing: /home/muddassir/ros2_ws/src/climberr/climberr_description/install/climberr_description/share/climberr_description/local_setup.bash
[1.091s] -- Installing: /home/muddassir/ros2_ws/src/climberr/climberr_description/install/climberr_description/share/climberr_description/local_setup.sh
[1.091s] -- Installing: /home/muddassir/ros2_ws/src/climberr/climberr_description/install/climberr_description/share/climberr_description/local_setup.zsh
[1.091s] -- Installing: /home/muddassir/ros2_ws/src/climberr/climberr_description/install/climberr_description/share/climberr_description/local_setup.dsv
[1.091s] -- Installing: /home/muddassir/ros2_ws/src/climberr/climberr_description/install/climberr_description/share/climberr_description/package.dsv
[1.092s] -- Installing: /home/muddassir/ros2_ws/src/climberr/climberr_description/install/climberr_description/share/ament_index/resource_index/packages/climberr_description
[1.092s] -- Installing: /home/muddassir/ros2_ws/src/climberr/climberr_description/install/climberr_description/share/climberr_description/cmake/climberr_descriptionConfig.cmake
[1.092s] -- Installing: /home/muddassir/ros2_ws/src/climberr/climberr_description/install/climberr_description/share/climberr_description/cmake/climberr_descriptionConfig-version.cmake
[1.093s] -- Installing: /home/muddassir/ros2_ws/src/climberr/climberr_description/install/climberr_description/share/climberr_description/package.xml
[1.097s] Invoked command in '/home/muddassir/ros2_ws/src/climberr/climberr_description/build/climberr_description' returned '0': CMAKE_PREFIX_PATH=${CMAKE_PREFIX_PATH}:/opt/ros/jazzy DEBUGINFOD_URLS=https://debuginfod.ubuntu.com /usr/bin/cmake --install /home/muddassir/ros2_ws/src/climberr/climberr_description/build/climberr_description
